C:\USERS\STUDENT\PWP\BUILD\CMAKEFILES\GENERATE.STAMP
C:\Users\student\PWP\build\Debug\Laborka.pdb
C:\Users\student\PWP\build\Laborka.dir\Debug\cl.command.1.tlog
C:\Users\student\PWP\build\Laborka.dir\Debug\CL.read.1.tlog
C:\Users\student\PWP\build\Laborka.dir\Debug\CL.write.1.tlog
C:\Users\student\PWP\build\Laborka.dir\Debug\custombuild.command.1.tlog
C:\Users\student\PWP\build\Laborka.dir\Debug\custombuild.read.1.tlog
C:\Users\student\PWP\build\Laborka.dir\Debug\custombuild.write.1.tlog
C:\Users\student\PWP\build\Laborka.dir\Debug\Laborka.exe.embed.manifest
C:\USERS\STUDENT\PWP\BUILD\LABORKA.DIR\DEBUG\LABORKA.EXE.EMBED.MANIFEST.RES
C:\Users\student\PWP\build\Laborka.dir\Debug\Laborka.exe.intermediate.manifest
C:\Users\student\PWP\build\Laborka.dir\Debug\Laborka.write.1.tlog
C:\Users\student\PWP\build\Laborka.dir\Debug\Laborka_manifest.rc
C:\Users\student\PWP\build\Laborka.dir\Debug\link.command.1.tlog
C:\Users\student\PWP\build\Laborka.dir\Debug\link.read.1.tlog
C:\Users\student\PWP\build\Laborka.dir\Debug\link.write.1.tlog
C:\Users\student\PWP\build\Laborka.dir\Debug\link-cvtres.read.1.tlog
C:\Users\student\PWP\build\Laborka.dir\Debug\link-cvtres.write.1.tlog
C:\USERS\STUDENT\PWP\BUILD\LABORKA.DIR\DEBUG\MAIN.OBJ
C:\Users\student\PWP\build\Laborka.dir\Debug\rc.command.1.tlog
C:\Users\student\PWP\build\Laborka.dir\Debug\rc.read.1.tlog
C:\Users\student\PWP\build\Laborka.dir\Debug\rc.write.1.tlog
C:\USERS\STUDENT\PWP\BUILD\LABORKA.DIR\DEBUG\VC100.PDB
